<?xml version="1.0" encoding="UTF-8"?>
<testsuite xmlns:xsi="http://www.w3.org/2001/XMLSchema-instance" xsi:noNamespaceSchemaLocation="https://maven.apache.org/surefire/maven-surefire-plugin/xsd/surefire-test-report.xsd" name="e.AppTest" time="0.057" tests="1" errors="0" skipped="0" failures="0">
  <properties>
    <property name="java.specification.version" value="14"/>
    <property name="sun.cpu.isalist" value="amd64"/>
    <property name="sun.jnu.encoding" value="Cp1252"/>
    <property name="java.class.path" value="c:\visualstudio-workspace\tntBridge\main\target\test-classes;c:\visualstudio-workspace\tntBridge\main\target\classes;C:\Users\PabloD\.m2\repository\org\spigotmc\spigot-api\1.8.8-R0.1-SNAPSHOT\spigot-api-1.8.8-R0.1-SNAPSHOT.jar;C:\Users\PabloD\.m2\repository\commons-lang\commons-lang\2.6\commons-lang-2.6.jar;C:\Users\PabloD\.m2\repository\com\googlecode\json-simple\json-simple\1.1.1\json-simple-1.1.1.jar;C:\Users\PabloD\.m2\repository\junit\junit\4.10\junit-4.10.jar;C:\Users\PabloD\.m2\repository\org\hamcrest\hamcrest-core\1.1\hamcrest-core-1.1.jar;C:\Users\PabloD\.m2\repository\com\google\guava\guava\17.0\guava-17.0.jar;C:\Users\PabloD\.m2\repository\com\google\code\gson\gson\2.2.4\gson-2.2.4.jar;C:\Users\PabloD\.m2\repository\org\avaje\ebean\2.8.1\ebean-2.8.1.jar;C:\Users\PabloD\.m2\repository\javax\persistence\persistence-api\1.0\persistence-api-1.0.jar;C:\Users\PabloD\.m2\repository\org\yaml\snakeyaml\1.15\snakeyaml-1.15.jar;C:\Users\PabloD\.m2\repository\net\md-5\bungeecord-chat\1.8-SNAPSHOT\bungeecord-chat-1.8-SNAPSHOT.jar;"/>
    <property name="java.vm.vendor" value="Oracle Corporation"/>
    <property name="sun.arch.data.model" value="64"/>
    <property name="user.variant" value=""/>
    <property name="java.vendor.url" value="https://java.oracle.com/"/>
    <property name="user.timezone" value="Europe/Madrid"/>
    <property name="os.name" value="Windows 10"/>
    <property name="java.vm.specification.version" value="14"/>
    <property name="sun.java.launcher" value="SUN_STANDARD"/>
    <property name="user.country" value="ES"/>
    <property name="sun.boot.library.path" value="C:\Program Files\Java\jdk-14.0.1\bin"/>
    <property name="sun.java.command" value="C:\Users\PabloD\AppData\Local\Temp\surefire12247213355046881077\surefirebooter10730705714354480720.jar C:\Users\PabloD\AppData\Local\Temp\surefire12247213355046881077 2020-07-27T12-24-15_316-jvmRun1 surefire6272957000984603012tmp surefire_016486394876623826667tmp"/>
    <property name="jdk.debug" value="release"/>
    <property name="surefire.test.class.path" value="c:\visualstudio-workspace\tntBridge\main\target\test-classes;c:\visualstudio-workspace\tntBridge\main\target\classes;C:\Users\PabloD\.m2\repository\org\spigotmc\spigot-api\1.8.8-R0.1-SNAPSHOT\spigot-api-1.8.8-R0.1-SNAPSHOT.jar;C:\Users\PabloD\.m2\repository\commons-lang\commons-lang\2.6\commons-lang-2.6.jar;C:\Users\PabloD\.m2\repository\com\googlecode\json-simple\json-simple\1.1.1\json-simple-1.1.1.jar;C:\Users\PabloD\.m2\repository\junit\junit\4.10\junit-4.10.jar;C:\Users\PabloD\.m2\repository\org\hamcrest\hamcrest-core\1.1\hamcrest-core-1.1.jar;C:\Users\PabloD\.m2\repository\com\google\guava\guava\17.0\guava-17.0.jar;C:\Users\PabloD\.m2\repository\com\google\code\gson\gson\2.2.4\gson-2.2.4.jar;C:\Users\PabloD\.m2\repository\org\avaje\ebean\2.8.1\ebean-2.8.1.jar;C:\Users\PabloD\.m2\repository\javax\persistence\persistence-api\1.0\persistence-api-1.0.jar;C:\Users\PabloD\.m2\repository\org\yaml\snakeyaml\1.15\snakeyaml-1.15.jar;C:\Users\PabloD\.m2\repository\net\md-5\bungeecord-chat\1.8-SNAPSHOT\bungeecord-chat-1.8-SNAPSHOT.jar;"/>
    <property name="sun.cpu.endian" value="little"/>
    <property name="user.home" value="C:\Users\PabloD"/>
    <property name="user.language" value="es"/>
    <property name="java.specification.vendor" value="Oracle Corporation"/>
    <property name="java.version.date" value="2020-04-14"/>
    <property name="java.home" value="C:\Program Files\Java\jdk-14.0.1"/>
    <property name="file.separator" value="\"/>
    <property name="basedir" value="c:\visualstudio-workspace\tntBridge\main"/>
    <property name="java.vm.compressedOopsMode" value="Zero based"/>
    <property name="line.separator" value="&#10;"/>
    <property name="java.vm.specification.vendor" value="Oracle Corporation"/>
    <property name="java.specification.name" value="Java Platform API Specification"/>
    <property name="surefire.real.class.path" value="C:\Users\PabloD\AppData\Local\Temp\surefire12247213355046881077\surefirebooter10730705714354480720.jar"/>
    <property name="user.script" value=""/>
    <property name="sun.management.compiler" value="HotSpot 64-Bit Tiered Compilers"/>
    <property name="java.runtime.version" value="14.0.1+7"/>
    <property name="user.name" value="PabloD"/>
    <property name="path.separator" value=";"/>
    <property name="os.version" value="10.0"/>
    <property name="java.runtime.name" value="Java(TM) SE Runtime Environment"/>
    <property name="file.encoding" value="Cp1252"/>
    <property name="java.vm.name" value="Java HotSpot(TM) 64-Bit Server VM"/>
    <property name="localRepository" value="C:\Users\PabloD\.m2\repository"/>
    <property name="java.vendor.url.bug" value="https://bugreport.java.com/bugreport/"/>
    <property name="java.io.tmpdir" value="C:\Users\PabloD\AppData\Local\Temp\"/>
    <property name="java.version" value="14.0.1"/>
    <property name="user.dir" value="c:\visualstudio-workspace\tntBridge\main"/>
    <property name="os.arch" value="amd64"/>
    <property name="java.vm.specification.name" value="Java Virtual Machine Specification"/>
    <property name="sun.os.patch.level" value=""/>
    <property name="java.library.path" value="C:\Program Files\Java\jdk-14.0.1\bin;C:\WINDOWS\Sun\Java\bin;C:\WINDOWS\system32;C:\WINDOWS;C:\Program Files (x86)\Common Files\Oracle\Java\javapath;C:\ffmpeg\bin;C:\Program Files (x86)\Common Files\Intel\Shared Libraries\redist\intel64\compiler;C:\WINDOWS\system32;C:\WINDOWS;C:\WINDOWS\System32\Wbem;C:\WINDOWS\System32\WindowsPowerShell\v1.0\;C:\WINDOWS\System32\OpenSSH\;C:\Program Files (x86)\NVIDIA Corporation\PhysX\Common;C:\Users\PabloD\AppData\Local\Microsoft\WindowsApps;C:\cygwin64\bin;C:\Program Files (x86)\QuickTime\QTSystem\;C:\Program Files\Java\jdk1.8.0_251\bin;C:\Program Files\Git\cmd;C:\Program Files\apache-maven-3.6.3\bin;C:\ffmepg\bin C:\cygwin64\bin;C:\Program Files\JetBrains\CLion 2019.3.5\bin;;C:\Users\PabloD\AppData\Local\Programs\MiKTeX 2.9\miktex\bin\x64\;C:\Users\PabloD\AppData\Local\Programs\Microsoft VS Code\bin;C:\Program Files\apache-maven-3.6.3\bin;;."/>
    <property name="java.vm.info" value="mixed mode, sharing"/>
    <property name="java.vendor" value="Oracle Corporation"/>
    <property name="java.vm.version" value="14.0.1+7"/>
    <property name="sun.io.unicode.encoding" value="UnicodeLittle"/>
    <property name="java.class.version" value="58.0"/>
  </properties>
  <testcase name="shouldAnswerWithTrue" classname="e.AppTest" time="0.001"/>
</testsuite>